<?xml version="1.0" encoding="UTF-8"?>
<testsuite xmlns:xsi="http://www.w3.org/2001/XMLSchema-instance" xsi:noNamespaceSchemaLocation="https://maven.apache.org/surefire/maven-surefire-plugin/xsd/surefire-test-report-3.0.xsd" version="3.0" name="com.example.controller.CalculatorControllerTest" time="1.047" tests="1" errors="0" skipped="0" failures="0">
  <properties>
[...]
</properties>
  <testcase name="testCalculate" classname="com.example.controller.CalculatorControllerTest" time="1.016">
    <system-err><![CDATA[Aug 25, 2024 9:06:53 PM org.springframework.mock.web.MockServletContext log
INFO: Initializing Spring TestDispatcherServlet ''
Aug 25, 2024 9:06:53 PM org.springframework.web.servlet.FrameworkServlet initServletBean
INFO: Initializing Servlet ''
Aug 25, 2024 9:06:53 PM org.springframework.web.servlet.FrameworkServlet initServletBean
INFO: Completed initialization in 15 ms
]]></system-err>
  </testcase>
</testsuite>